Started GET "/" for 127.0.0.1 at 2018-03-09 23:54:26 -0500
Processing by HomeController#index as HTML
  Rendering home/index.html.slim within layouts/application
  Rendered home/index.html.slim within layouts/application (26.0ms)
Completed 200 OK in 1685ms (Views: 1669.6ms | ActiveRecord: 0.0ms)


Started GET "/" for 127.0.0.1 at 2018-03-09 23:55:07 -0500
Processing by HomeController#index as HTML
  Rendering home/index.html.slim within layouts/application
  Rendered home/index.html.slim within layouts/application (19.6ms)
Completed 200 OK in 539ms (Views: 523.7ms | ActiveRecord: 0.0ms)


Started GET "/" for 127.0.0.1 at 2018-03-09 23:55:10 -0500
Processing by HomeController#index as HTML
  Rendering home/index.html.slim within layouts/application
  Rendered home/index.html.slim within layouts/application (8.5ms)
Completed 200 OK in 68ms (Views: 63.7ms | ActiveRecord: 0.0ms)


Started GET "/" for 127.0.0.1 at 2018-03-09 23:55:11 -0500
Processing by HomeController#index as HTML
  Rendering home/index.html.slim within layouts/application
  Rendered home/index.html.slim within layouts/application (8.8ms)
Completed 200 OK in 88ms (Views: 83.3ms | ActiveRecord: 0.0ms)


Started GET "/" for 127.0.0.1 at 2018-03-09 23:56:42 -0500
Processing by HomeController#index as HTML
  Rendering home/index.html.slim within layouts/application
  Rendered home/index.html.slim within layouts/application (6.7ms)
Completed 200 OK in 24ms (Views: 19.5ms | ActiveRecord: 0.0ms)


Started GET "/" for 127.0.0.1 at 2018-03-09 23:59:29 -0500
Processing by HomeController#index as HTML
  Rendering home/index.html.slim within layouts/application
  Rendered home/index.html.slim within layouts/application (19.8ms)
Completed 200 OK in 585ms (Views: 569.8ms | ActiveRecord: 0.0ms)


Started GET "/" for 127.0.0.1 at 2018-03-10 00:02:16 -0500
Processing by HomeController#index as HTML
  Rendering home/index.html.slim within layouts/application
  Rendered home/index.html.slim within layouts/application (19.0ms)
Completed 200 OK in 634ms (Views: 621.6ms | ActiveRecord: 0.0ms)


Started GET "/" for 127.0.0.1 at 2018-03-10 00:02:19 -0500
Processing by HomeController#index as HTML
  Rendering home/index.html.slim within layouts/application
  Rendered home/index.html.slim within layouts/application (7.5ms)
Completed 200 OK in 82ms (Views: 79.7ms | ActiveRecord: 0.0ms)


Started GET "/" for 127.0.0.1 at 2018-03-10 00:02:26 -0500
Processing by HomeController#index as HTML
  Rendering home/index.html.slim within layouts/application
  Rendered home/index.html.slim within layouts/application (14.6ms)
Completed 200 OK in 93ms (Views: 88.9ms | ActiveRecord: 0.0ms)


Started GET "/" for 127.0.0.1 at 2018-03-10 00:02:32 -0500
Processing by HomeController#index as HTML
  Rendering home/index.html.slim within layouts/application
  Rendered home/index.html.slim within layouts/application (8.6ms)
Completed 200 OK in 69ms (Views: 66.6ms | ActiveRecord: 0.0ms)


Started GET "/" for 127.0.0.1 at 2018-03-10 00:03:03 -0500
Processing by HomeController#index as HTML
  Rendering home/index.html.slim within layouts/application
  Rendered home/index.html.slim within layouts/application (5.8ms)
Completed 200 OK in 772ms (Views: 768.6ms | ActiveRecord: 0.0ms)


Started GET "/" for 127.0.0.1 at 2018-03-10 00:03:29 -0500
Processing by HomeController#index as HTML
  Rendering home/index.html.slim within layouts/application
  Rendered home/index.html.slim within layouts/application (18.1ms)
Completed 200 OK in 735ms (Views: 722.9ms | ActiveRecord: 0.0ms)


Started GET "/" for 127.0.0.1 at 2018-03-10 00:05:09 -0500
Processing by HomeController#index as HTML
  Rendering home/index.html.slim within layouts/application
  Rendered home/index.html.slim within layouts/application (46.9ms)
Completed 200 OK in 1053ms (Views: 1023.9ms | ActiveRecord: 0.0ms)


Started GET "/" for 127.0.0.1 at 2018-03-10 00:05:35 -0500
Processing by HomeController#index as HTML
  Rendering home/index.html.slim within layouts/application
  Rendered home/index.html.slim within layouts/application (42.4ms)
Completed 200 OK in 9800ms (Views: 9792.3ms | ActiveRecord: 0.0ms)


Started GET "/" for 127.0.0.1 at 2018-03-10 00:09:05 -0500
Processing by HomeController#index as HTML
  Rendering home/index.html.slim within layouts/application
  Rendered home/index.html.slim within layouts/application (97.0ms)
Completed 200 OK in 557ms (Views: 539.0ms | ActiveRecord: 0.0ms)


Started GET "/" for 127.0.0.1 at 2018-03-10 00:14:21 -0500
Processing by HomeController#index as HTML
  Rendering home/index.html.slim within layouts/application
  Rendered home/index.html.slim within layouts/application (23.8ms)
Completed 200 OK in 694ms (Views: 677.8ms | ActiveRecord: 0.0ms)


Started GET "/" for 127.0.0.1 at 2018-03-10 00:15:29 -0500
Processing by HomeController#index as HTML
  Rendering home/index.html.slim within layouts/application
  Rendered home/index.html.slim within layouts/application (21.6ms)
Completed 200 OK in 184ms (Views: 179.4ms | ActiveRecord: 0.0ms)


Started GET "/" for 127.0.0.1 at 2018-03-10 00:16:03 -0500
Processing by HomeController#index as HTML
  Rendering home/index.html.slim within layouts/application
  Rendered home/index.html.slim within layouts/application (21.5ms)
Completed 200 OK in 164ms (Views: 159.0ms | ActiveRecord: 0.0ms)


Started GET "/" for 127.0.0.1 at 2018-03-10 00:21:00 -0500
Processing by HomeController#index as HTML
  Rendering home/index.html.slim within layouts/application
  Rendered home/index.html.slim within layouts/application (41.4ms)
Completed 200 OK in 239ms (Views: 225.2ms | ActiveRecord: 0.0ms)


Started GET "/" for 127.0.0.1 at 2018-03-10 12:32:19 -0500
Processing by HomeController#index as HTML
  Rendering home/index.html.slim within layouts/application
  Rendered home/index.html.slim within layouts/application (31.3ms)
Completed 200 OK in 1223ms (Views: 1206.8ms | ActiveRecord: 0.0ms)


Started GET "/" for 127.0.0.1 at 2018-03-10 12:38:21 -0500
Processing by HomeController#index as HTML
  Rendering home/index.html.slim within layouts/application
  Rendered home/index.html.slim within layouts/application (218.7ms)
Completed 200 OK in 626ms (Views: 597.9ms | ActiveRecord: 0.0ms)


Started GET "/" for 127.0.0.1 at 2018-03-10 12:42:08 -0500
Processing by HomeController#index as HTML
  Rendering home/index.html.slim within layouts/application
  Rendered home/index.html.slim within layouts/application (12.2ms)
Completed 200 OK in 105ms (Views: 101.8ms | ActiveRecord: 0.0ms)


Started GET "/" for 127.0.0.1 at 2018-03-10 12:48:58 -0500
Processing by HomeController#index as HTML
  Rendering home/index.html.slim within layouts/application
  Rendered home/index.html.slim within layouts/application (47.3ms)
Completed 200 OK in 436ms (Views: 417.4ms | ActiveRecord: 0.0ms)


Started GET "/" for 127.0.0.1 at 2018-03-10 13:33:17 -0500
Processing by HomeController#index as HTML
  Rendering home/index.html.slim within layouts/application
  Rendered home/index.html.slim within layouts/application (101.4ms)
Completed 200 OK in 385ms (Views: 358.7ms | ActiveRecord: 0.0ms)


Started GET "/" for 127.0.0.1 at 2018-03-10 13:35:06 -0500
Processing by HomeController#index as HTML
  Rendering home/index.html.slim within layouts/application
  Rendered home/index.html.slim within layouts/application (31.8ms)
Completed 200 OK in 242ms (Views: 235.8ms | ActiveRecord: 0.0ms)


Started GET "/" for 127.0.0.1 at 2018-03-10 13:40:15 -0500
Processing by HomeController#index as HTML
  Rendering home/index.html.slim within layouts/application
  Rendered home/index.html.slim within layouts/application (14.9ms)
Completed 200 OK in 89ms (Views: 85.1ms | ActiveRecord: 0.0ms)


Started GET "/" for 127.0.0.1 at 2018-03-10 13:41:50 -0500
Processing by HomeController#index as HTML
  Rendering home/index.html.slim within layouts/application
  Rendered home/index.html.slim within layouts/application (18.6ms)
Completed 200 OK in 145ms (Views: 136.4ms | ActiveRecord: 0.0ms)


Started GET "/" for 127.0.0.1 at 2018-03-10 13:42:26 -0500
Processing by HomeController#index as HTML
  Rendering home/index.html.slim within layouts/application
  Rendered home/index.html.slim within layouts/application (12.0ms)
Completed 200 OK in 140ms (Views: 133.8ms | ActiveRecord: 0.0ms)


Started GET "/" for 127.0.0.1 at 2018-03-10 13:51:29 -0500
Processing by HomeController#index as HTML
  Rendering home/index.html.slim within layouts/application
  Rendered home/index.html.slim within layouts/application (53.6ms)
Completed 200 OK in 637ms (Views: 615.7ms | ActiveRecord: 0.0ms)


Started GET "/" for 127.0.0.1 at 2018-03-10 13:51:41 -0500
Processing by HomeController#index as HTML
  Rendering home/index.html.slim within layouts/application
  Rendered home/index.html.slim within layouts/application (33.1ms)
Completed 200 OK in 192ms (Views: 189.3ms | ActiveRecord: 0.0ms)


Started GET "/" for 127.0.0.1 at 2018-03-10 13:51:43 -0500
Processing by HomeController#index as HTML
  Rendering home/index.html.slim within layouts/application
  Rendered home/index.html.slim within layouts/application (41.0ms)
Completed 200 OK in 161ms (Views: 158.5ms | ActiveRecord: 0.0ms)


Started GET "/" for 127.0.0.1 at 2018-03-10 13:52:44 -0500
Processing by HomeController#index as HTML
  Rendering home/index.html.slim within layouts/application
  Rendered home/index.html.slim within layouts/application (38.3ms)
Completed 200 OK in 301ms (Views: 285.7ms | ActiveRecord: 0.0ms)


Started GET "/" for 127.0.0.1 at 2018-03-10 13:53:28 -0500
Processing by HomeController#index as HTML
  Rendering home/index.html.slim within layouts/application
  Rendered home/index.html.slim within layouts/application (25.1ms)
Completed 200 OK in 160ms (Views: 153.5ms | ActiveRecord: 0.0ms)


Started GET "/" for 127.0.0.1 at 2018-03-10 13:54:02 -0500
Processing by HomeController#index as HTML
  Rendering home/index.html.slim within layouts/application
  Rendered home/index.html.slim within layouts/application (19.5ms)
Completed 200 OK in 115ms (Views: 111.2ms | ActiveRecord: 0.0ms)


Started GET "/" for 127.0.0.1 at 2018-03-10 13:54:13 -0500
Processing by HomeController#index as HTML
  Rendering home/index.html.slim within layouts/application
  Rendered home/index.html.slim within layouts/application (19.9ms)
Completed 200 OK in 129ms (Views: 126.4ms | ActiveRecord: 0.0ms)


Started GET "/" for 127.0.0.1 at 2018-03-10 13:55:37 -0500
Processing by HomeController#index as HTML
  Rendering home/index.html.slim within layouts/application
  Rendered home/index.html.slim within layouts/application (23.5ms)
Completed 200 OK in 117ms (Views: 111.3ms | ActiveRecord: 0.0ms)


Started GET "/" for 127.0.0.1 at 2018-03-10 13:56:03 -0500
Processing by HomeController#index as HTML
  Rendering home/index.html.slim within layouts/application
  Rendered home/index.html.slim within layouts/application (22.6ms)
Completed 200 OK in 136ms (Views: 132.5ms | ActiveRecord: 0.0ms)


Started GET "/" for 127.0.0.1 at 2018-03-10 13:56:36 -0500
Processing by HomeController#index as HTML
  Rendering home/index.html.slim within layouts/application
  Rendered home/index.html.slim within layouts/application (63.1ms)
Completed 200 OK in 141ms (Views: 138.4ms | ActiveRecord: 0.0ms)


Started GET "/" for 127.0.0.1 at 2018-03-10 13:57:05 -0500
Processing by HomeController#index as HTML
  Rendering home/index.html.slim within layouts/application
  Rendered home/index.html.slim within layouts/application (53.2ms)
Completed 200 OK in 207ms (Views: 201.4ms | ActiveRecord: 0.0ms)


Started GET "/" for 127.0.0.1 at 2018-03-10 13:58:10 -0500
Processing by HomeController#index as HTML
  Rendering home/index.html.slim within layouts/application
  Rendered home/index.html.slim within layouts/application (81.7ms)
Completed 200 OK in 382ms (Views: 368.0ms | ActiveRecord: 0.0ms)


Started GET "/" for 127.0.0.1 at 2018-03-10 13:59:01 -0500
Processing by HomeController#index as HTML
  Rendering home/index.html.slim within layouts/application
  Rendered home/index.html.slim within layouts/application (23.5ms)
Completed 200 OK in 206ms (Views: 202.4ms | ActiveRecord: 0.0ms)


Started GET "/" for 127.0.0.1 at 2018-03-10 13:59:22 -0500
Processing by HomeController#index as HTML
  Rendering home/index.html.slim within layouts/application
  Rendered home/index.html.slim within layouts/application (73.0ms)
Completed 200 OK in 148ms (Views: 143.8ms | ActiveRecord: 0.0ms)


Started GET "/" for 127.0.0.1 at 2018-03-10 13:59:29 -0500
Processing by HomeController#index as HTML
  Rendering home/index.html.slim within layouts/application
  Rendered home/index.html.slim within layouts/application (26.1ms)
Completed 200 OK in 146ms (Views: 141.6ms | ActiveRecord: 0.0ms)


Started GET "/" for 127.0.0.1 at 2018-03-10 14:00:42 -0500
Processing by HomeController#index as HTML
  Rendering home/index.html.slim within layouts/application
  Rendered home/index.html.slim within layouts/application (8.3ms)
Completed 200 OK in 69ms (Views: 64.6ms | ActiveRecord: 0.0ms)


Started GET "/" for 127.0.0.1 at 2018-03-10 14:09:18 -0500
Processing by HomeController#index as HTML
  Rendering home/index.html.slim within layouts/application
  Rendered home/index.html.slim within layouts/application (50.7ms)
Completed 200 OK in 333ms (Views: 293.7ms | ActiveRecord: 0.0ms)


Started GET "/" for 127.0.0.1 at 2018-03-10 14:09:41 -0500
Processing by HomeController#index as HTML
  Rendering home/index.html.slim within layouts/application
  Rendered home/index.html.slim within layouts/application (14.0ms)
Completed 200 OK in 185ms (Views: 182.5ms | ActiveRecord: 0.0ms)


Started GET "/" for 127.0.0.1 at 2018-03-10 14:09:59 -0500
Processing by HomeController#index as HTML
  Rendering home/index.html.slim within layouts/application
  Rendered home/index.html.slim within layouts/application (50.0ms)
Completed 200 OK in 227ms (Views: 223.0ms | ActiveRecord: 0.0ms)


Started GET "/" for 127.0.0.1 at 2018-03-10 14:11:13 -0500
Processing by HomeController#index as HTML
  Rendering home/index.html.slim within layouts/application
  Rendered home/index.html.slim within layouts/application (18.8ms)
Completed 200 OK in 88ms (Views: 85.4ms | ActiveRecord: 0.0ms)


Started GET "/" for 127.0.0.1 at 2018-03-10 14:11:29 -0500
Processing by HomeController#index as HTML
  Rendering home/index.html.slim within layouts/application
  Rendered home/index.html.slim within layouts/application (21.0ms)
Completed 200 OK in 94ms (Views: 90.9ms | ActiveRecord: 0.0ms)


Started GET "/" for 127.0.0.1 at 2018-03-10 14:11:58 -0500
Processing by HomeController#index as HTML
  Rendering home/index.html.slim within layouts/application
  Rendered home/index.html.slim within layouts/application (12.8ms)
Completed 200 OK in 118ms (Views: 115.0ms | ActiveRecord: 0.0ms)


Started GET "/" for 127.0.0.1 at 2018-03-10 14:14:07 -0500
Processing by HomeController#index as HTML
  Rendering home/index.html.slim within layouts/application
  Rendered home/index.html.slim within layouts/application (8.1ms)
Completed 200 OK in 68ms (Views: 64.6ms | ActiveRecord: 0.0ms)


Started GET "/" for 127.0.0.1 at 2018-03-10 14:14:19 -0500
Processing by HomeController#index as HTML
  Rendering home/index.html.slim within layouts/application
  Rendered home/index.html.slim within layouts/application (7.9ms)
Completed 200 OK in 57ms (Views: 54.2ms | ActiveRecord: 0.0ms)


Started GET "/" for 127.0.0.1 at 2018-03-10 14:15:48 -0500
Processing by HomeController#index as HTML
  Rendering home/index.html.slim within layouts/application
  Rendered home/index.html.slim within layouts/application (8.6ms)
Completed 200 OK in 76ms (Views: 73.0ms | ActiveRecord: 0.0ms)


Started GET "/" for 127.0.0.1 at 2018-03-10 14:17:15 -0500
Processing by HomeController#index as HTML
  Rendering home/index.html.slim within layouts/application
  Rendered home/index.html.slim within layouts/application (7.1ms)
Completed 200 OK in 75ms (Views: 71.1ms | ActiveRecord: 0.0ms)


Started GET "/" for 127.0.0.1 at 2018-03-10 14:18:35 -0500
Processing by HomeController#index as HTML
  Rendering home/index.html.slim within layouts/application
  Rendered home/index.html.slim within layouts/application (24.4ms)
Completed 200 OK in 158ms (Views: 154.3ms | ActiveRecord: 0.0ms)


Started GET "/" for 127.0.0.1 at 2018-03-10 14:20:04 -0500
Processing by HomeController#index as HTML
  Rendering home/index.html.slim within layouts/application
  Rendered home/index.html.slim within layouts/application (35.4ms)
Completed 200 OK in 219ms (Views: 214.3ms | ActiveRecord: 0.0ms)


Started GET "/" for 127.0.0.1 at 2018-03-10 14:25:11 -0500
Processing by HomeController#index as HTML
  Rendering home/index.html.slim within layouts/application
  Rendered home/index.html.slim within layouts/application (12.8ms)
Completed 200 OK in 81ms (Views: 78.6ms | ActiveRecord: 0.0ms)


Started GET "/" for 127.0.0.1 at 2018-03-10 14:26:36 -0500
Processing by HomeController#index as HTML
  Rendering home/index.html.slim within layouts/application
  Rendered home/index.html.slim within layouts/application (14.0ms)
Completed 200 OK in 101ms (Views: 97.9ms | ActiveRecord: 0.0ms)


Started GET "/" for 127.0.0.1 at 2018-03-10 14:27:15 -0500
Processing by HomeController#index as HTML
  Rendering home/index.html.slim within layouts/application
  Rendered home/index.html.slim within layouts/application (17.3ms)
Completed 200 OK in 80ms (Views: 76.6ms | ActiveRecord: 0.0ms)


Started GET "/" for 127.0.0.1 at 2018-03-10 14:28:20 -0500
Processing by HomeController#index as HTML
  Rendering home/index.html.slim within layouts/application
  Rendered home/index.html.slim within layouts/application (25.9ms)
Completed 200 OK in 154ms (Views: 148.9ms | ActiveRecord: 0.0ms)


Started GET "/" for 127.0.0.1 at 2018-03-10 14:28:23 -0500
Processing by HomeController#index as HTML
  Rendering home/index.html.slim within layouts/application
  Rendered home/index.html.slim within layouts/application (14.4ms)
Completed 200 OK in 97ms (Views: 93.6ms | ActiveRecord: 0.0ms)


Started GET "/" for 127.0.0.1 at 2018-03-10 14:28:41 -0500
Processing by HomeController#index as HTML
  Rendering home/index.html.slim within layouts/application
  Rendered home/index.html.slim within layouts/application (11.2ms)
Completed 200 OK in 95ms (Views: 91.5ms | ActiveRecord: 0.0ms)


Started GET "/" for 127.0.0.1 at 2018-03-10 14:29:14 -0500
Processing by HomeController#index as HTML
  Rendering home/index.html.slim within layouts/application
  Rendered home/index.html.slim within layouts/application (11.8ms)
Completed 200 OK in 81ms (Views: 78.8ms | ActiveRecord: 0.0ms)


Started GET "/" for 127.0.0.1 at 2018-03-10 14:37:48 -0500
Processing by HomeController#index as HTML
  Rendering home/index.html.slim within layouts/application
  Rendered home/index.html.slim within layouts/application (81.5ms)
Completed 200 OK in 402ms (Views: 365.2ms | ActiveRecord: 0.0ms)


Started GET "/" for 127.0.0.1 at 2018-03-10 14:38:09 -0500
Processing by HomeController#index as HTML
  Rendering home/index.html.slim within layouts/application
  Rendered home/index.html.slim within layouts/application (26.7ms)
Completed 200 OK in 135ms (Views: 131.8ms | ActiveRecord: 0.0ms)


Started GET "/" for 127.0.0.1 at 2018-03-10 14:38:28 -0500
Processing by HomeController#index as HTML
  Rendering home/index.html.slim within layouts/application
  Rendered home/index.html.slim within layouts/application (24.5ms)
Completed 200 OK in 157ms (Views: 152.7ms | ActiveRecord: 0.0ms)


Started GET "/" for 127.0.0.1 at 2018-03-10 14:38:54 -0500
Processing by HomeController#index as HTML
  Rendering home/index.html.slim within layouts/application
  Rendered home/index.html.slim within layouts/application (37.3ms)
Completed 200 OK in 168ms (Views: 163.6ms | ActiveRecord: 0.0ms)


Started GET "/" for 127.0.0.1 at 2018-03-10 14:40:28 -0500
Processing by HomeController#index as HTML
  Rendering home/index.html.slim within layouts/application
  Rendered home/index.html.slim within layouts/application (42.7ms)
Completed 200 OK in 145ms (Views: 139.4ms | ActiveRecord: 0.0ms)


Started GET "/" for 127.0.0.1 at 2018-03-10 14:42:49 -0500
Processing by HomeController#index as HTML
  Rendering home/index.html.slim within layouts/application
  Rendered home/index.html.slim within layouts/application (32.9ms)
Completed 200 OK in 154ms (Views: 149.1ms | ActiveRecord: 0.0ms)


Started GET "/" for 127.0.0.1 at 2018-03-10 14:46:49 -0500
Processing by HomeController#index as HTML
  Rendering home/index.html.slim within layouts/application
  Rendered home/index.html.slim within layouts/application (15.5ms)
Completed 200 OK in 124ms (Views: 119.9ms | ActiveRecord: 0.0ms)


Started GET "/" for 127.0.0.1 at 2018-03-10 14:47:42 -0500
Processing by HomeController#index as HTML
  Rendering home/index.html.slim within layouts/application
  Rendered home/index.html.slim within layouts/application (20.1ms)
Completed 200 OK in 137ms (Views: 94.8ms | ActiveRecord: 0.0ms)


Started GET "/" for 127.0.0.1 at 2018-03-10 14:49:11 -0500
Processing by HomeController#index as HTML
  Rendering home/index.html.slim within layouts/application
  Rendered home/index.html.slim within layouts/application (29.2ms)
Completed 200 OK in 165ms (Views: 158.8ms | ActiveRecord: 0.0ms)


Started GET "/" for 127.0.0.1 at 2018-03-10 14:49:13 -0500
Processing by HomeController#index as HTML
  Rendering home/index.html.slim within layouts/application
  Rendered home/index.html.slim within layouts/application (29.1ms)
Completed 200 OK in 158ms (Views: 153.4ms | ActiveRecord: 0.0ms)


Started GET "/" for 127.0.0.1 at 2018-03-10 14:50:43 -0500
Processing by HomeController#index as HTML
  Rendering home/index.html.slim within layouts/application
  Rendered home/index.html.slim within layouts/application (14.6ms)
Completed 200 OK in 171ms (Views: 168.0ms | ActiveRecord: 0.0ms)


Started GET "/" for 127.0.0.1 at 2018-03-10 14:50:45 -0500
Processing by HomeController#index as HTML
  Rendering home/index.html.slim within layouts/application
  Rendered home/index.html.slim within layouts/application (10.9ms)
Completed 200 OK in 82ms (Views: 77.3ms | ActiveRecord: 0.0ms)


Started GET "/" for 127.0.0.1 at 2018-03-10 14:51:05 -0500
Processing by HomeController#index as HTML
  Rendering home/index.html.slim within layouts/application
  Rendered home/index.html.slim within layouts/application (15.4ms)
Completed 200 OK in 89ms (Views: 86.1ms | ActiveRecord: 0.0ms)


Started GET "/" for 127.0.0.1 at 2018-03-10 14:51:07 -0500
Processing by HomeController#index as HTML
  Rendering home/index.html.slim within layouts/application
  Rendered home/index.html.slim within layouts/application (8.6ms)
Completed 200 OK in 65ms (Views: 61.1ms | ActiveRecord: 0.0ms)


Started GET "/" for 127.0.0.1 at 2018-03-10 14:52:45 -0500
Processing by HomeController#index as HTML
  Rendering home/index.html.slim within layouts/application
  Rendered home/index.html.slim within layouts/application (13.3ms)
Completed 200 OK in 105ms (Views: 101.5ms | ActiveRecord: 0.0ms)


Started GET "/" for 127.0.0.1 at 2018-03-10 14:53:02 -0500
Processing by HomeController#index as HTML
  Rendering home/index.html.slim within layouts/application
  Rendered home/index.html.slim within layouts/application (95.8ms)
Completed 200 OK in 373ms (Views: 369.2ms | ActiveRecord: 0.0ms)


Started GET "/" for 127.0.0.1 at 2018-03-10 14:53:18 -0500
Processing by HomeController#index as HTML
  Rendering home/index.html.slim within layouts/application
  Rendered home/index.html.slim within layouts/application (17.7ms)
Completed 200 OK in 177ms (Views: 172.0ms | ActiveRecord: 0.0ms)


Started GET "/" for 127.0.0.1 at 2018-03-10 14:53:29 -0500
Processing by HomeController#index as HTML
  Rendering home/index.html.slim within layouts/application
  Rendered home/index.html.slim within layouts/application (39.2ms)
Completed 200 OK in 151ms (Views: 143.4ms | ActiveRecord: 0.0ms)


Started GET "/" for 127.0.0.1 at 2018-03-10 14:54:55 -0500
Processing by HomeController#index as HTML
  Rendering home/index.html.slim within layouts/application
  Rendered home/index.html.slim within layouts/application (25.8ms)
Completed 200 OK in 194ms (Views: 189.6ms | ActiveRecord: 0.0ms)


Started GET "/" for 127.0.0.1 at 2018-03-10 14:55:28 -0500
Processing by HomeController#index as HTML
  Rendering home/index.html.slim within layouts/application
  Rendered home/index.html.slim within layouts/application (31.9ms)
Completed 200 OK in 160ms (Views: 153.5ms | ActiveRecord: 0.0ms)


Started GET "/" for 127.0.0.1 at 2018-03-10 14:55:31 -0500
Processing by HomeController#index as HTML
  Rendering home/index.html.slim within layouts/application
  Rendered home/index.html.slim within layouts/application (14.7ms)
Completed 200 OK in 98ms (Views: 94.3ms | ActiveRecord: 0.0ms)


Started GET "/" for 127.0.0.1 at 2018-03-10 14:56:13 -0500
Processing by HomeController#index as HTML
  Rendering home/index.html.slim within layouts/application
  Rendered home/index.html.slim within layouts/application (23.6ms)
Completed 200 OK in 118ms (Views: 113.8ms | ActiveRecord: 0.0ms)


Started GET "/" for 127.0.0.1 at 2018-03-10 14:56:16 -0500
Processing by HomeController#index as HTML
  Rendering home/index.html.slim within layouts/application
  Rendered home/index.html.slim within layouts/application (7.4ms)
Completed 200 OK in 74ms (Views: 71.7ms | ActiveRecord: 0.0ms)


Started GET "/" for 127.0.0.1 at 2018-03-10 14:56:54 -0500
Processing by HomeController#index as HTML
  Rendering home/index.html.slim within layouts/application
  Rendered home/index.html.slim within layouts/application (26.8ms)
Completed 200 OK in 128ms (Views: 125.0ms | ActiveRecord: 0.0ms)


Started GET "/" for 127.0.0.1 at 2018-03-10 14:56:57 -0500
Processing by HomeController#index as HTML
  Rendering home/index.html.slim within layouts/application
  Rendered home/index.html.slim within layouts/application (16.6ms)
Completed 200 OK in 71ms (Views: 68.0ms | ActiveRecord: 0.0ms)


Started GET "/" for 127.0.0.1 at 2018-03-10 14:57:24 -0500
Processing by HomeController#index as HTML
  Rendering home/index.html.slim within layouts/application
  Rendered home/index.html.slim within layouts/application (17.3ms)
Completed 200 OK in 133ms (Views: 129.9ms | ActiveRecord: 0.0ms)


Started GET "/" for 127.0.0.1 at 2018-03-10 14:59:18 -0500
Processing by HomeController#index as HTML
  Rendering home/index.html.slim within layouts/application
  Rendered home/index.html.slim within layouts/application (120.4ms)
Completed 200 OK in 509ms (Views: 490.8ms | ActiveRecord: 0.0ms)


Started GET "/" for 127.0.0.1 at 2018-03-10 14:59:31 -0500
Processing by HomeController#index as HTML
  Rendering home/index.html.slim within layouts/application
  Rendered home/index.html.slim within layouts/application (29.3ms)
Completed 200 OK in 194ms (Views: 190.3ms | ActiveRecord: 0.0ms)


Started GET "/" for 127.0.0.1 at 2018-03-10 15:01:10 -0500
Processing by HomeController#index as HTML
  Rendering home/index.html.slim within layouts/application
  Rendered home/index.html.slim within layouts/application (27.8ms)
Completed 200 OK in 163ms (Views: 159.2ms | ActiveRecord: 0.0ms)


Started GET "/" for 127.0.0.1 at 2018-03-10 15:01:38 -0500
Processing by HomeController#index as HTML
  Rendering home/index.html.slim within layouts/application
  Rendered home/index.html.slim within layouts/application (25.3ms)
Completed 200 OK in 380ms (Views: 375.2ms | ActiveRecord: 0.0ms)


Started GET "/" for 127.0.0.1 at 2018-03-10 15:03:27 -0500
Processing by HomeController#index as HTML
  Rendering home/index.html.slim within layouts/application
  Rendered home/index.html.slim within layouts/application (15.7ms)
Completed 200 OK in 97ms (Views: 92.1ms | ActiveRecord: 0.0ms)


Started GET "/" for 127.0.0.1 at 2018-03-10 15:03:31 -0500
Processing by HomeController#index as HTML
  Rendering home/index.html.slim within layouts/application
  Rendered home/index.html.slim within layouts/application (11.8ms)
Completed 200 OK in 163ms (Views: 160.5ms | ActiveRecord: 0.0ms)


Started GET "/" for 127.0.0.1 at 2018-03-10 15:07:02 -0500
Processing by HomeController#index as HTML
  Rendering home/index.html.slim within layouts/application
  Rendered home/index.html.slim within layouts/application (26.7ms)
Completed 200 OK in 156ms (Views: 152.9ms | ActiveRecord: 0.0ms)


Started GET "/" for 127.0.0.1 at 2018-03-10 15:07:19 -0500
Processing by HomeController#index as HTML
  Rendering home/index.html.slim within layouts/application
  Rendered home/index.html.slim within layouts/application (41.5ms)
Completed 200 OK in 318ms (Views: 312.0ms | ActiveRecord: 0.0ms)


Started GET "/" for 127.0.0.1 at 2018-03-10 15:07:21 -0500
Processing by HomeController#index as HTML
  Rendering home/index.html.slim within layouts/application
  Rendered home/index.html.slim within layouts/application (45.6ms)
Completed 200 OK in 194ms (Views: 189.5ms | ActiveRecord: 0.0ms)


Started GET "/" for 127.0.0.1 at 2018-03-10 15:07:23 -0500
Processing by HomeController#index as HTML
  Rendering home/index.html.slim within layouts/application
  Rendered home/index.html.slim within layouts/application (18.3ms)
Completed 200 OK in 104ms (Views: 99.2ms | ActiveRecord: 0.0ms)


Started GET "/" for 127.0.0.1 at 2018-03-10 15:08:16 -0500
Processing by HomeController#index as HTML
  Rendering home/index.html.slim within layouts/application
  Rendered home/index.html.slim within layouts/application (23.2ms)
Completed 200 OK in 159ms (Views: 150.7ms | ActiveRecord: 0.0ms)


Started GET "/" for 127.0.0.1 at 2018-03-10 15:08:18 -0500
Processing by HomeController#index as HTML
  Rendering home/index.html.slim within layouts/application
  Rendered home/index.html.slim within layouts/application (27.3ms)
Completed 200 OK in 203ms (Views: 199.7ms | ActiveRecord: 0.0ms)


Started GET "/" for 127.0.0.1 at 2018-03-10 15:08:23 -0500
Processing by HomeController#index as HTML
  Rendering home/index.html.slim within layouts/application
  Rendered home/index.html.slim within layouts/application (25.4ms)
Completed 200 OK in 183ms (Views: 175.1ms | ActiveRecord: 0.0ms)


Started GET "/" for 127.0.0.1 at 2018-03-10 15:08:49 -0500
Processing by HomeController#index as HTML
  Rendering home/index.html.slim within layouts/application
  Rendered home/index.html.slim within layouts/application (14.2ms)
Completed 200 OK in 175ms (Views: 170.3ms | ActiveRecord: 0.0ms)


Started GET "/" for 127.0.0.1 at 2018-03-10 15:09:13 -0500
Processing by HomeController#index as HTML
  Rendering home/index.html.slim within layouts/application
  Rendered home/index.html.slim within layouts/application (27.1ms)
Completed 200 OK in 279ms (Views: 273.9ms | ActiveRecord: 0.0ms)


Started GET "/" for 127.0.0.1 at 2018-03-10 15:27:37 -0500
Processing by HomeController#index as HTML
  Rendering home/index.html.slim within layouts/application
  Rendered home/index.html.slim within layouts/application (44.2ms)
Completed 200 OK in 191ms (Views: 180.4ms | ActiveRecord: 0.0ms)


Started GET "/" for 127.0.0.1 at 2018-03-10 16:37:46 -0500
Processing by HomeController#index as HTML
  Rendering home/index.html.slim within layouts/application
  Rendered home/index.html.slim within layouts/application (70.6ms)
Completed 200 OK in 509ms (Views: 492.0ms | ActiveRecord: 0.0ms)


Started GET "/" for 127.0.0.1 at 2018-03-10 16:38:50 -0500
Processing by HomeController#index as HTML
  Rendering home/index.html.slim within layouts/application
  Rendered home/index.html.slim within layouts/application (39.5ms)
Completed 200 OK in 240ms (Views: 235.3ms | ActiveRecord: 0.0ms)


Started GET "/" for 127.0.0.1 at 2018-03-10 16:38:53 -0500
Processing by HomeController#index as HTML
  Rendering home/index.html.slim within layouts/application
  Rendered home/index.html.slim within layouts/application (17.4ms)
Completed 200 OK in 97ms (Views: 93.1ms | ActiveRecord: 0.0ms)


Started GET "/" for 127.0.0.1 at 2018-03-10 16:39:03 -0500
Processing by HomeController#index as HTML
  Rendering home/index.html.slim within layouts/application
  Rendered home/index.html.slim within layouts/application (43.7ms)
Completed 200 OK in 445ms (Views: 440.9ms | ActiveRecord: 0.0ms)


Started GET "/" for 127.0.0.1 at 2018-03-10 16:39:50 -0500
Processing by HomeController#index as HTML
  Rendering home/index.html.slim within layouts/application
  Rendered home/index.html.slim within layouts/application (25.8ms)
Completed 200 OK in 399ms (Views: 396.4ms | ActiveRecord: 0.0ms)


Started GET "/" for 127.0.0.1 at 2018-03-10 16:39:54 -0500
Processing by HomeController#index as HTML
  Rendering home/index.html.slim within layouts/application
  Rendered home/index.html.slim within layouts/application (18.7ms)
Completed 200 OK in 99ms (Views: 95.3ms | ActiveRecord: 0.0ms)


Started GET "/" for 127.0.0.1 at 2018-03-10 16:41:48 -0500
Processing by HomeController#index as HTML
  Rendering home/index.html.slim within layouts/application
  Rendered home/index.html.slim within layouts/application (123.8ms)
Completed 200 OK in 484ms (Views: 467.0ms | ActiveRecord: 0.0ms)


Started GET "/" for 127.0.0.1 at 2018-03-10 16:42:12 -0500
Processing by HomeController#index as HTML
  Rendering home/index.html.slim within layouts/application
  Rendered home/index.html.slim within layouts/application (29.4ms)
Completed 200 OK in 162ms (Views: 157.1ms | ActiveRecord: 0.0ms)


Started GET "/" for 127.0.0.1 at 2018-03-10 16:42:31 -0500
Processing by HomeController#index as HTML
  Rendering home/index.html.slim within layouts/application
  Rendered home/index.html.slim within layouts/application (47.1ms)
Completed 200 OK in 162ms (Views: 157.2ms | ActiveRecord: 0.0ms)


Started GET "/" for 127.0.0.1 at 2018-03-10 16:42:45 -0500
Processing by HomeController#index as HTML
  Rendering home/index.html.slim within layouts/application
  Rendered home/index.html.slim within layouts/application (94.4ms)
Completed 200 OK in 336ms (Views: 330.7ms | ActiveRecord: 0.0ms)


Started GET "/" for 127.0.0.1 at 2018-03-10 16:42:52 -0500
Processing by HomeController#index as HTML
  Rendering home/index.html.slim within layouts/application
  Rendered home/index.html.slim within layouts/application (19.7ms)
Completed 200 OK in 114ms (Views: 110.5ms | ActiveRecord: 0.0ms)


Started GET "/" for 127.0.0.1 at 2018-03-10 16:42:54 -0500
Processing by HomeController#index as HTML
  Rendering home/index.html.slim within layouts/application
  Rendered home/index.html.slim within layouts/application (31.5ms)
Completed 200 OK in 213ms (Views: 209.3ms | ActiveRecord: 0.0ms)


Started GET "/" for 127.0.0.1 at 2018-03-10 16:42:57 -0500
Processing by HomeController#index as HTML
  Rendering home/index.html.slim within layouts/application
  Rendered home/index.html.slim within layouts/application (17.7ms)
Completed 200 OK in 183ms (Views: 180.3ms | ActiveRecord: 0.0ms)


Started GET "/" for 127.0.0.1 at 2018-03-10 16:43:00 -0500
Processing by HomeController#index as HTML
  Rendering home/index.html.slim within layouts/application
  Rendered home/index.html.slim within layouts/application (27.9ms)
Completed 200 OK in 122ms (Views: 119.3ms | ActiveRecord: 0.0ms)


Started GET "/" for 127.0.0.1 at 2018-03-10 16:43:31 -0500
Processing by HomeController#index as HTML
  Rendering home/index.html.slim within layouts/application
  Rendered home/index.html.slim within layouts/application (56.7ms)
Completed 200 OK in 374ms (Views: 369.2ms | ActiveRecord: 0.0ms)


Started GET "/" for 127.0.0.1 at 2018-03-10 16:45:36 -0500
Processing by HomeController#index as HTML
  Rendering home/index.html.slim within layouts/application
  Rendered home/index.html.slim within layouts/application (221.1ms)
Completed 200 OK in 661ms (Views: 649.8ms | ActiveRecord: 0.0ms)


Started GET "/" for 127.0.0.1 at 2018-03-10 16:47:24 -0500
Processing by HomeController#index as HTML
  Rendering home/index.html.slim within layouts/application
  Rendered home/index.html.slim within layouts/application (47.2ms)
Completed 200 OK in 220ms (Views: 214.2ms | ActiveRecord: 0.0ms)


Started GET "/?tab=dashboard" for 127.0.0.1 at 2018-03-10 16:48:24 -0500
Processing by HomeController#index as HTML
  Parameters: {"tab"=>"dashboard"}
  Rendering home/index.html.slim within layouts/application
  Rendered home/index.html.slim within layouts/application (30.2ms)
Completed 200 OK in 167ms (Views: 162.9ms | ActiveRecord: 0.0ms)


Started GET "/?tab=dashboard" for 127.0.0.1 at 2018-03-10 16:49:39 -0500
Processing by HomeController#index as HTML
  Parameters: {"tab"=>"dashboard"}
  Rendering home/index.html.slim within layouts/application
  Rendered home/index.html.slim within layouts/application (22.7ms)
Completed 200 OK in 143ms (Views: 138.9ms | ActiveRecord: 0.0ms)


Started GET "/?tab=dashboard" for 127.0.0.1 at 2018-03-10 16:49:50 -0500
Processing by HomeController#index as HTML
  Parameters: {"tab"=>"dashboard"}
  Rendering home/index.html.slim within layouts/application
  Rendered home/index.html.slim within layouts/application (38.6ms)
Completed 200 OK in 160ms (Views: 155.0ms | ActiveRecord: 0.0ms)


Started GET "/?tab=dashboard" for 127.0.0.1 at 2018-03-10 16:53:08 -0500
Processing by HomeController#index as HTML
  Parameters: {"tab"=>"dashboard"}
  Rendering home/index.html.slim within layouts/application
  Rendered home/index.html.slim within layouts/application (53.5ms)
Completed 200 OK in 590ms (Views: 577.5ms | ActiveRecord: 0.0ms)


Started GET "/?tab=dashboard" for 127.0.0.1 at 2018-03-10 16:53:15 -0500
Processing by HomeController#index as HTML
  Parameters: {"tab"=>"dashboard"}
  Rendering home/index.html.slim within layouts/application
  Rendered home/index.html.slim within layouts/application (33.0ms)
Completed 200 OK in 122ms (Views: 118.7ms | ActiveRecord: 0.0ms)


Started GET "/" for 127.0.0.1 at 2018-03-10 16:56:25 -0500
Processing by HomeController#index as HTML
  Rendering home/index.html.slim within layouts/application
  Rendered home/index.html.slim within layouts/application (91.5ms)
Completed 200 OK in 525ms (Views: 500.1ms | ActiveRecord: 0.0ms)


Started GET "/" for 127.0.0.1 at 2018-03-10 16:58:25 -0500
Processing by HomeController#index as HTML
  Rendering home/index.html.slim within layouts/application
  Rendered home/index.html.slim within layouts/application (141.4ms)
Completed 200 OK in 515ms (Views: 476.1ms | ActiveRecord: 0.0ms)


Started GET "/" for 127.0.0.1 at 2018-03-10 16:58:28 -0500
Processing by HomeController#index as HTML
  Rendering home/index.html.slim within layouts/application
  Rendered home/index.html.slim within layouts/application (19.4ms)
Completed 200 OK in 110ms (Views: 106.6ms | ActiveRecord: 0.0ms)


Started GET "/" for 127.0.0.1 at 2018-03-10 16:58:51 -0500
Processing by HomeController#index as HTML
  Rendering home/index.html.slim within layouts/application
  Rendered home/index.html.slim within layouts/application (19.1ms)
Completed 200 OK in 139ms (Views: 134.4ms | ActiveRecord: 0.0ms)


Started GET "/" for 127.0.0.1 at 2018-03-10 16:59:02 -0500
Processing by HomeController#index as HTML
  Rendering home/index.html.slim within layouts/application
  Rendered home/index.html.slim within layouts/application (31.1ms)
Completed 200 OK in 178ms (Views: 173.3ms | ActiveRecord: 0.0ms)


Started GET "/" for 127.0.0.1 at 2018-03-10 16:59:06 -0500
Processing by HomeController#index as HTML
  Rendering home/index.html.slim within layouts/application
  Rendered home/index.html.slim within layouts/application (18.7ms)
Completed 200 OK in 148ms (Views: 144.0ms | ActiveRecord: 0.0ms)


